-------------------------------------------------------------------------------
Test set: com.ontariotechu.sofe3980U.AppTest
-------------------------------------------------------------------------------
Tests run: 46, Failures: 6, Errors: 0, Skipped: 0, Time elapsed: 0.499 s <<< FAILURE! - in com.ontariotechu.sofe3980U.AppTest
convertTimeTests{int, int, String, String, String, String, String, String, String, String, String, String, String, String, String, String, String, String, String, String, String, String, String, String, String, String}[1]  Time elapsed: 0.066 s  <<< FAILURE!
org.opentest4j.AssertionFailedError: The conversion did not produce the expected result. ==> array lengths differ, expected: <2> but was: <0>
	at com.ontariotechu.sofe3980U.AppTest.convertTimeTests(AppTest.java:210)

convertTimeTests{int, int, String, String, String, String, String, String, String, String, String, String, String, String, String, String, String, String, String, String, String, String, String, String, String, String}[2]  Time elapsed: 0.004 s  <<< FAILURE!
org.opentest4j.AssertionFailedError: The conversion did not produce the expected result. ==> array lengths differ, expected: <2> but was: <0>
	at com.ontariotechu.sofe3980U.AppTest.convertTimeTests(AppTest.java:210)

inputValidationTests{String, String, String, String, String, String, boolean}[1]  Time elapsed: 0.002 s  <<< FAILURE!
org.opentest4j.AssertionFailedError: expected: <true> but was: <false>
	at com.ontariotechu.sofe3980U.AppTest.inputValidationTests(AppTest.java:26)

convertTimeInvalidArg1  Time elapsed: 0.005 s  <<< FAILURE!
org.opentest4j.AssertionFailedError: convertTime should throw IllegalArgumentException for invalid arguments. ==> Expected java.lang.IllegalArgumentException to be thrown, but nothing was thrown.
	at com.ontariotechu.sofe3980U.AppTest.convertTimeInvalidArg1(AppTest.java:223)

convertTimeInvalidArg2  Time elapsed: 0.003 s  <<< FAILURE!
org.opentest4j.AssertionFailedError: convertTime should throw IllegalArgumentException for invalid arguments. ==> Expected java.lang.IllegalArgumentException to be thrown, but nothing was thrown.
	at com.ontariotechu.sofe3980U.AppTest.convertTimeInvalidArg2(AppTest.java:237)

convertTimeInvalidArg3  Time elapsed: 0.002 s  <<< FAILURE!
org.opentest4j.AssertionFailedError: convertTime should throw IllegalArgumentException for invalid arguments. ==> Expected java.lang.IllegalArgumentException to be thrown, but nothing was thrown.
	at com.ontariotechu.sofe3980U.AppTest.convertTimeInvalidArg3(AppTest.java:251)

