-------------------------------------------------------------------------------
Test set: com.ontariotechu.sofe3980U.AppTest
-------------------------------------------------------------------------------
Tests run: 46, Failures: 1, Errors: 0, Skipped: 0, Time elapsed: 0.337 s <<< FAILURE! - in com.ontariotechu.sofe3980U.AppTest
inputValidationTests{String, String, String, String, String, String, boolean}[1]  Time elapsed: 0.011 s  <<< FAILURE!
org.opentest4j.AssertionFailedError: expected: <true> but was: <false>
	at com.ontariotechu.sofe3980U.AppTest.inputValidationTests(AppTest.java:26)

