<?xml version="1.0" encoding="UTF-8"?>
<testsuite xmlns:xsi="http://www.w3.org/2001/XMLSchema-instance" xsi:noNamespaceSchemaLocation="https://maven.apache.org/surefire/maven-surefire-plugin/xsd/surefire-test-report.xsd" name="com.ontariotechu.sofe3980U.AppTest" time="0.22" tests="46" errors="0" skipped="0" failures="0">
  <properties>
[...]
</properties>
  <testcase name="timeFormat24ErrorTest1" classname="com.ontariotechu.sofe3980U.AppTest" time="0.019"/>
  <testcase name="timeFormat24ErrorTest2" classname="com.ontariotechu.sofe3980U.AppTest" time="0"/>
  <testcase name="timeFormat24ErrorTest3" classname="com.ontariotechu.sofe3980U.AppTest" time="0.001"/>
  <testcase name="calculateTotalTimeRoundTripShouldThrowExceptionForOverlappingFlights1" classname="com.ontariotechu.sofe3980U.AppTest" time="0.003"/>
  <testcase name="calculateTotalTimeRoundTripShouldThrowExceptionForOverlappingFlights2" classname="com.ontariotechu.sofe3980U.AppTest" time="0.001"/>
  <testcase name="calculateTotalTimeRoundTripShouldThrowExceptionForOverlappingFlights3" classname="com.ontariotechu.sofe3980U.AppTest" time="0.002"/>
  <testcase name="convertTimeTests{int, int, String, String, String, String, String, String, String, String, String, String, String, String, String, String, String, String, String, String, String, String, String, String, String, String}[1]" classname="com.ontariotechu.sofe3980U.AppTest" time="0.024"/>
  <testcase name="convertTimeTests{int, int, String, String, String, String, String, String, String, String, String, String, String, String, String, String, String, String, String, String, String, String, String, String, String, String}[2]" classname="com.ontariotechu.sofe3980U.AppTest" time="0.001"/>
  <testcase name="calculateTotalTimeShouldThrowExceptionForOverlappingFlights1" classname="com.ontariotechu.sofe3980U.AppTest" time="0.001"/>
  <testcase name="calculateTotalTimeShouldThrowExceptionForOverlappingFlights2" classname="com.ontariotechu.sofe3980U.AppTest" time="0"/>
  <testcase name="calculateTotalTimeShouldThrowExceptionForOverlappingFlights3" classname="com.ontariotechu.sofe3980U.AppTest" time="0.001"/>
  <testcase name="calculateTotalTimeShouldThrowExceptionForOverlappingFlights4" classname="com.ontariotechu.sofe3980U.AppTest" time="0.001"/>
  <testcase name="calculateTotalTimeShouldThrowExceptionForOverlappingFlights5" classname="com.ontariotechu.sofe3980U.AppTest" time="0.001"/>
  <testcase name="validateFlightPlanRoundTripTests2Flights{String, String, String, String, String, String, String, String, String, String, String, String, boolean}[1]" classname="com.ontariotechu.sofe3980U.AppTest" time="0.004"/>
  <testcase name="validateFlightPlanRoundTripTests2Flights{String, String, String, String, String, String, String, String, String, String, String, String, boolean}[2]" classname="com.ontariotechu.sofe3980U.AppTest" time="0.001"/>
  <testcase name="calculateTotalTimeNull" classname="com.ontariotechu.sofe3980U.AppTest" time="0.001"/>
  <testcase name="calculateTotalTimeTest{String, String, String, String, String, String, String, String, String, String, String, String, int}[1]" classname="com.ontariotechu.sofe3980U.AppTest" time="0.002"/>
  <testcase name="timeFormat24ErrorTest" classname="com.ontariotechu.sofe3980U.AppTest" time="0.001"/>
  <testcase name="validateFlightPlanRoundTripTests3Flights{String, String, String, String, String, String, String, String, String, String, String, String, String, String, String, String, String, String, boolean}[1]" classname="com.ontariotechu.sofe3980U.AppTest" time="0.004"/>
  <testcase name="validateFlightPlanRoundTripTests3Flights{String, String, String, String, String, String, String, String, String, String, String, String, String, String, String, String, String, String, boolean}[2]" classname="com.ontariotechu.sofe3980U.AppTest" time="0.001"/>
  <testcase name="validateFlightPlanRoundTripTests3Flights{String, String, String, String, String, String, String, String, String, String, String, String, String, String, String, String, String, String, boolean}[3]" classname="com.ontariotechu.sofe3980U.AppTest" time="0.002"/>
  <testcase name="validateFlightPlanTest{String, String, String, String, String, String, String, String, String, String, String, String, boolean}[1]" classname="com.ontariotechu.sofe3980U.AppTest" time="0.002"/>
  <testcase name="validateFlightPlanTest{String, String, String, String, String, String, String, String, String, String, String, String, boolean}[2]" classname="com.ontariotechu.sofe3980U.AppTest" time="0.001"/>
  <testcase name="validateFlightPlanTest{String, String, String, String, String, String, String, String, String, String, String, String, boolean}[3]" classname="com.ontariotechu.sofe3980U.AppTest" time="0.001"/>
  <testcase name="validateFlightPlanTest{String, String, String, String, String, String, String, String, String, String, String, String, boolean}[4]" classname="com.ontariotechu.sofe3980U.AppTest" time="0.001"/>
  <testcase name="validateFlightPlanTest{String, String, String, String, String, String, String, String, String, String, String, String, boolean}[5]" classname="com.ontariotechu.sofe3980U.AppTest" time="0.001"/>
  <testcase name="validateFlightPlanTest{String, String, String, String, String, String, String, String, String, String, String, String, boolean}[6]" classname="com.ontariotechu.sofe3980U.AppTest" time="0.001"/>
  <testcase name="inputValidationTests{String, String, String, String, String, String, boolean}[1]" classname="com.ontariotechu.sofe3980U.AppTest" time="0.002"/>
  <testcase name="inputValidationTests{String, String, String, String, String, String, boolean}[2]" classname="com.ontariotechu.sofe3980U.AppTest" time="0.001"/>
  <testcase name="inputValidationTests{String, String, String, String, String, String, boolean}[3]" classname="com.ontariotechu.sofe3980U.AppTest" time="0.001"/>
  <testcase name="inputValidationTests{String, String, String, String, String, String, boolean}[4]" classname="com.ontariotechu.sofe3980U.AppTest" time="0.001"/>
  <testcase name="inputValidationTests{String, String, String, String, String, String, boolean}[5]" classname="com.ontariotechu.sofe3980U.AppTest" time="0.001"/>
  <testcase name="inputValidationTests{String, String, String, String, String, String, boolean}[6]" classname="com.ontariotechu.sofe3980U.AppTest" time="0.001"/>
  <testcase name="inputValidationTests{String, String, String, String, String, String, boolean}[7]" classname="com.ontariotechu.sofe3980U.AppTest" time="0.001"/>
  <testcase name="inputValidationTests{String, String, String, String, String, String, boolean}[8]" classname="com.ontariotechu.sofe3980U.AppTest" time="0.001"/>
  <testcase name="inputValidationTests{String, String, String, String, String, String, boolean}[9]" classname="com.ontariotechu.sofe3980U.AppTest" time="0"/>
  <testcase name="inputValidationTests{String, String, String, String, String, String, boolean}[10]" classname="com.ontariotechu.sofe3980U.AppTest" time="0"/>
  <testcase name="inputValidationTests{String, String, String, String, String, String, boolean}[11]" classname="com.ontariotechu.sofe3980U.AppTest" time="0.001"/>
  <testcase name="inputValidationTests{String, String, String, String, String, String, boolean}[12]" classname="com.ontariotechu.sofe3980U.AppTest" time="0.001"/>
  <testcase name="calculateTotalTimeRoundTripNull" classname="com.ontariotechu.sofe3980U.AppTest" time="0.001"/>
  <testcase name="calculateTotalTimeRoundTripTest{String, String, String, String, String, String, String, String, String, String, String, String, int}[1]" classname="com.ontariotechu.sofe3980U.AppTest" time="0.002"/>
  <testcase name="timeFormat24Tests{String, String, String, String, String, String, String, String, String, String, String, String}[1]" classname="com.ontariotechu.sofe3980U.AppTest" time="0.003"/>
  <testcase name="timeFormat24Tests{String, String, String, String, String, String, String, String, String, String, String, String}[2]" classname="com.ontariotechu.sofe3980U.AppTest" time="0.001"/>
  <testcase name="convertTimeInvalidArg1" classname="com.ontariotechu.sofe3980U.AppTest" time="0.002"/>
  <testcase name="convertTimeInvalidArg2" classname="com.ontariotechu.sofe3980U.AppTest" time="0"/>
  <testcase name="convertTimeInvalidArg3" classname="com.ontariotechu.sofe3980U.AppTest" time="0"/>
</testsuite>