<?xml version="1.0" encoding="UTF-8"?>
<testsuite xmlns:xsi="http://www.w3.org/2001/XMLSchema-instance" xsi:noNamespaceSchemaLocation="https://maven.apache.org/surefire/maven-surefire-plugin/xsd/surefire-test-report.xsd" name="com.ontariotechu.sofe3980U.AppTest" time="0.598" tests="46" errors="0" skipped="0" failures="11">
  <properties>
[...]
</properties>
  <testcase name="timeFormat24ErrorTest1" classname="com.ontariotechu.sofe3980U.AppTest" time="0.052"/>
  <testcase name="timeFormat24ErrorTest2" classname="com.ontariotechu.sofe3980U.AppTest" time="0"/>
  <testcase name="timeFormat24ErrorTest3" classname="com.ontariotechu.sofe3980U.AppTest" time="0.002"/>
  <testcase name="calculateTotalTimeRoundTripShouldThrowExceptionForOverlappingFlights1" classname="com.ontariotechu.sofe3980U.AppTest" time="0.031">
    <failure message="calculateTotalTime should throw IllegalArgumentException for input 1. ==&gt; Expected java.lang.IllegalArgumentException to be thrown, but nothing was thrown." type="org.opentest4j.AssertionFailedError">org.opentest4j.AssertionFailedError: calculateTotalTime should throw IllegalArgumentException for input 1. ==> Expected java.lang.IllegalArgumentException to be thrown, but nothing was thrown.
	at com.ontariotechu.sofe3980U.AppTest.calculateTotalTimeRoundTripShouldThrowExceptionForOverlappingFlights1(AppTest.java:330)
</failure>
  </testcase>
  <testcase name="calculateTotalTimeRoundTripShouldThrowExceptionForOverlappingFlights2" classname="com.ontariotechu.sofe3980U.AppTest" time="0.004">
    <failure message="calculateTotalTime should throw IllegalArgumentException for input 2. ==&gt; Expected java.lang.IllegalArgumentException to be thrown, but nothing was thrown." type="org.opentest4j.AssertionFailedError">org.opentest4j.AssertionFailedError: calculateTotalTime should throw IllegalArgumentException for input 2. ==> Expected java.lang.IllegalArgumentException to be thrown, but nothing was thrown.
	at com.ontariotechu.sofe3980U.AppTest.calculateTotalTimeRoundTripShouldThrowExceptionForOverlappingFlights2(AppTest.java:343)
</failure>
  </testcase>
  <testcase name="calculateTotalTimeRoundTripShouldThrowExceptionForOverlappingFlights3" classname="com.ontariotechu.sofe3980U.AppTest" time="0.003">
    <failure message="calculateTotalTime should throw IllegalArgumentException for input 3. ==&gt; Expected java.lang.IllegalArgumentException to be thrown, but nothing was thrown." type="org.opentest4j.AssertionFailedError">org.opentest4j.AssertionFailedError: calculateTotalTime should throw IllegalArgumentException for input 3. ==> Expected java.lang.IllegalArgumentException to be thrown, but nothing was thrown.
	at com.ontariotechu.sofe3980U.AppTest.calculateTotalTimeRoundTripShouldThrowExceptionForOverlappingFlights3(AppTest.java:356)
</failure>
  </testcase>
  <testcase name="convertTimeTests{int, int, String, String, String, String, String, String, String, String, String, String, String, String, String, String, String, String, String, String, String, String, String, String, String, String}[1]" classname="com.ontariotechu.sofe3980U.AppTest" time="0.046">
    <failure message="The conversion did not produce the expected result. ==&gt; array lengths differ, expected: &lt;2&gt; but was: &lt;0&gt;" type="org.opentest4j.AssertionFailedError"><![CDATA[org.opentest4j.AssertionFailedError: The conversion did not produce the expected result. ==> array lengths differ, expected: <2> but was: <0>
	at com.ontariotechu.sofe3980U.AppTest.convertTimeTests(AppTest.java:210)
]]></failure>
  </testcase>
  <testcase name="convertTimeTests{int, int, String, String, String, String, String, String, String, String, String, String, String, String, String, String, String, String, String, String, String, String, String, String, String, String}[2]" classname="com.ontariotechu.sofe3980U.AppTest" time="0.005">
    <failure message="The conversion did not produce the expected result. ==&gt; array lengths differ, expected: &lt;2&gt; but was: &lt;0&gt;" type="org.opentest4j.AssertionFailedError"><![CDATA[org.opentest4j.AssertionFailedError: The conversion did not produce the expected result. ==> array lengths differ, expected: <2> but was: <0>
	at com.ontariotechu.sofe3980U.AppTest.convertTimeTests(AppTest.java:210)
]]></failure>
  </testcase>
  <testcase name="calculateTotalTimeShouldThrowExceptionForOverlappingFlights1" classname="com.ontariotechu.sofe3980U.AppTest" time="0.007"/>
  <testcase name="calculateTotalTimeShouldThrowExceptionForOverlappingFlights2" classname="com.ontariotechu.sofe3980U.AppTest" time="0.002"/>
  <testcase name="calculateTotalTimeShouldThrowExceptionForOverlappingFlights3" classname="com.ontariotechu.sofe3980U.AppTest" time="0.001"/>
  <testcase name="calculateTotalTimeShouldThrowExceptionForOverlappingFlights4" classname="com.ontariotechu.sofe3980U.AppTest" time="0.002"/>
  <testcase name="calculateTotalTimeShouldThrowExceptionForOverlappingFlights5" classname="com.ontariotechu.sofe3980U.AppTest" time="0.003"/>
  <testcase name="validateFlightPlanRoundTripTests2Flights{String, String, String, String, String, String, String, String, String, String, String, String, boolean}[1]" classname="com.ontariotechu.sofe3980U.AppTest" time="0.008"/>
  <testcase name="validateFlightPlanRoundTripTests2Flights{String, String, String, String, String, String, String, String, String, String, String, String, boolean}[2]" classname="com.ontariotechu.sofe3980U.AppTest" time="0.003"/>
  <testcase name="calculateTotalTimeNull" classname="com.ontariotechu.sofe3980U.AppTest" time="0.002"/>
  <testcase name="calculateTotalTimeTest{String, String, String, String, String, String, String, String, String, String, String, String, int}[1]" classname="com.ontariotechu.sofe3980U.AppTest" time="0.004"/>
  <testcase name="timeFormat24ErrorTest" classname="com.ontariotechu.sofe3980U.AppTest" time="0.002"/>
  <testcase name="validateFlightPlanRoundTripTests3Flights{String, String, String, String, String, String, String, String, String, String, String, String, String, String, String, String, String, String, boolean}[1]" classname="com.ontariotechu.sofe3980U.AppTest" time="0.005"/>
  <testcase name="validateFlightPlanRoundTripTests3Flights{String, String, String, String, String, String, String, String, String, String, String, String, String, String, String, String, String, String, boolean}[2]" classname="com.ontariotechu.sofe3980U.AppTest" time="0.003"/>
  <testcase name="validateFlightPlanRoundTripTests3Flights{String, String, String, String, String, String, String, String, String, String, String, String, String, String, String, String, String, String, boolean}[3]" classname="com.ontariotechu.sofe3980U.AppTest" time="0.003"/>
  <testcase name="validateFlightPlanTest{String, String, String, String, String, String, String, String, String, String, String, String, boolean}[1]" classname="com.ontariotechu.sofe3980U.AppTest" time="0.003"/>
  <testcase name="validateFlightPlanTest{String, String, String, String, String, String, String, String, String, String, String, String, boolean}[2]" classname="com.ontariotechu.sofe3980U.AppTest" time="0.003"/>
  <testcase name="validateFlightPlanTest{String, String, String, String, String, String, String, String, String, String, String, String, boolean}[3]" classname="com.ontariotechu.sofe3980U.AppTest" time="0.003"/>
  <testcase name="validateFlightPlanTest{String, String, String, String, String, String, String, String, String, String, String, String, boolean}[4]" classname="com.ontariotechu.sofe3980U.AppTest" time="0.003"/>
  <testcase name="validateFlightPlanTest{String, String, String, String, String, String, String, String, String, String, String, String, boolean}[5]" classname="com.ontariotechu.sofe3980U.AppTest" time="0.003"/>
  <testcase name="validateFlightPlanTest{String, String, String, String, String, String, String, String, String, String, String, String, boolean}[6]" classname="com.ontariotechu.sofe3980U.AppTest" time="0.003"/>
  <testcase name="inputValidationTests{String, String, String, String, String, String, boolean}[1]" classname="com.ontariotechu.sofe3980U.AppTest" time="0.003">
    <failure message="expected: &lt;true&gt; but was: &lt;false&gt;" type="org.opentest4j.AssertionFailedError"><![CDATA[org.opentest4j.AssertionFailedError: expected: <true> but was: <false>
	at com.ontariotechu.sofe3980U.AppTest.inputValidationTests(AppTest.java:26)
]]></failure>
  </testcase>
  <testcase name="inputValidationTests{String, String, String, String, String, String, boolean}[2]" classname="com.ontariotechu.sofe3980U.AppTest" time="0.002"/>
  <testcase name="inputValidationTests{String, String, String, String, String, String, boolean}[3]" classname="com.ontariotechu.sofe3980U.AppTest" time="0.015"/>
  <testcase name="inputValidationTests{String, String, String, String, String, String, boolean}[4]" classname="com.ontariotechu.sofe3980U.AppTest" time="0"/>
  <testcase name="inputValidationTests{String, String, String, String, String, String, boolean}[5]" classname="com.ontariotechu.sofe3980U.AppTest" time="0"/>
  <testcase name="inputValidationTests{String, String, String, String, String, String, boolean}[6]" classname="com.ontariotechu.sofe3980U.AppTest" time="0"/>
  <testcase name="inputValidationTests{String, String, String, String, String, String, boolean}[7]" classname="com.ontariotechu.sofe3980U.AppTest" time="0.01"/>
  <testcase name="inputValidationTests{String, String, String, String, String, String, boolean}[8]" classname="com.ontariotechu.sofe3980U.AppTest" time="0.001"/>
  <testcase name="inputValidationTests{String, String, String, String, String, String, boolean}[9]" classname="com.ontariotechu.sofe3980U.AppTest" time="0.001"/>
  <testcase name="inputValidationTests{String, String, String, String, String, String, boolean}[10]" classname="com.ontariotechu.sofe3980U.AppTest" time="0.002"/>
  <testcase name="inputValidationTests{String, String, String, String, String, String, boolean}[11]" classname="com.ontariotechu.sofe3980U.AppTest" time="0.001"/>
  <testcase name="inputValidationTests{String, String, String, String, String, String, boolean}[12]" classname="com.ontariotechu.sofe3980U.AppTest" time="0.001"/>
  <testcase name="calculateTotalTimeRoundTripNull" classname="com.ontariotechu.sofe3980U.AppTest" time="0.003">
    <failure message="calculateTotalTime should throw IllegalArgumentException for empty input. ==&gt; Expected java.lang.IllegalArgumentException to be thrown, but nothing was thrown." type="org.opentest4j.AssertionFailedError">org.opentest4j.AssertionFailedError: calculateTotalTime should throw IllegalArgumentException for empty input. ==> Expected java.lang.IllegalArgumentException to be thrown, but nothing was thrown.
	at com.ontariotechu.sofe3980U.AppTest.calculateTotalTimeRoundTripNull(AppTest.java:365)
</failure>
  </testcase>
  <testcase name="calculateTotalTimeRoundTripTest{String, String, String, String, String, String, String, String, String, String, String, String, int}[1]" classname="com.ontariotechu.sofe3980U.AppTest" time="0.004">
    <failure message="expected: &lt;720&gt; but was: &lt;-1&gt;" type="org.opentest4j.AssertionFailedError"><![CDATA[org.opentest4j.AssertionFailedError: expected: <720> but was: <-1>
	at com.ontariotechu.sofe3980U.AppTest.calculateTotalTimeRoundTripTest(AppTest.java:318)
]]></failure>
  </testcase>
  <testcase name="timeFormat24Tests{String, String, String, String, String, String, String, String, String, String, String, String}[1]" classname="com.ontariotechu.sofe3980U.AppTest" time="0.002"/>
  <testcase name="timeFormat24Tests{String, String, String, String, String, String, String, String, String, String, String, String}[2]" classname="com.ontariotechu.sofe3980U.AppTest" time="0.005"/>
  <testcase name="convertTimeInvalidArg1" classname="com.ontariotechu.sofe3980U.AppTest" time="0.005">
    <failure message="convertTime should throw IllegalArgumentException for invalid arguments. ==&gt; Expected java.lang.IllegalArgumentException to be thrown, but nothing was thrown." type="org.opentest4j.AssertionFailedError">org.opentest4j.AssertionFailedError: convertTime should throw IllegalArgumentException for invalid arguments. ==> Expected java.lang.IllegalArgumentException to be thrown, but nothing was thrown.
	at com.ontariotechu.sofe3980U.AppTest.convertTimeInvalidArg1(AppTest.java:223)
</failure>
  </testcase>
  <testcase name="convertTimeInvalidArg2" classname="com.ontariotechu.sofe3980U.AppTest" time="0.004">
    <failure message="convertTime should throw IllegalArgumentException for invalid arguments. ==&gt; Expected java.lang.IllegalArgumentException to be thrown, but nothing was thrown." type="org.opentest4j.AssertionFailedError">org.opentest4j.AssertionFailedError: convertTime should throw IllegalArgumentException for invalid arguments. ==> Expected java.lang.IllegalArgumentException to be thrown, but nothing was thrown.
	at com.ontariotechu.sofe3980U.AppTest.convertTimeInvalidArg2(AppTest.java:237)
</failure>
  </testcase>
  <testcase name="convertTimeInvalidArg3" classname="com.ontariotechu.sofe3980U.AppTest" time="0.001">
    <failure message="convertTime should throw IllegalArgumentException for invalid arguments. ==&gt; Expected java.lang.IllegalArgumentException to be thrown, but nothing was thrown." type="org.opentest4j.AssertionFailedError">org.opentest4j.AssertionFailedError: convertTime should throw IllegalArgumentException for invalid arguments. ==> Expected java.lang.IllegalArgumentException to be thrown, but nothing was thrown.
	at com.ontariotechu.sofe3980U.AppTest.convertTimeInvalidArg3(AppTest.java:251)
</failure>
  </testcase>
</testsuite>