<?xml version="1.0" encoding="UTF-8"?>
<testsuite xmlns:xsi="http://www.w3.org/2001/XMLSchema-instance" xsi:noNamespaceSchemaLocation="https://maven.apache.org/surefire/maven-surefire-plugin/xsd/surefire-test-report.xsd" name="com.ontariotechu.sofe3980U.AppTest" time="0.598" tests="46" errors="0" skipped="0" failures="11">
  <properties>
    <property name="java.specification.version" value="17"/>
    <property name="sun.cpu.isalist" value="amd64"/>
    <property name="sun.jnu.encoding" value="Cp1252"/>
    <property name="java.class.path" value="C:\Users\kunal\Documents\GitHub\SOFE_3980_Final_Project_D1\finalProject\target\test-classes;C:\Users\kunal\Documents\GitHub\SOFE_3980_Final_Project_D1\finalProject\target\classes;C:\Users\kunal\.m2\repository\org\mockito\mockito-core\4.0.0\mockito-core-4.0.0.jar;C:\Users\kunal\.m2\repository\net\bytebuddy\byte-buddy\1.11.19\byte-buddy-1.11.19.jar;C:\Users\kunal\.m2\repository\net\bytebuddy\byte-buddy-agent\1.11.19\byte-buddy-agent-1.11.19.jar;C:\Users\kunal\.m2\repository\org\objenesis\objenesis\3.2\objenesis-3.2.jar;C:\Users\kunal\.m2\repository\org\junit\jupiter\junit-jupiter-api\5.10.0\junit-jupiter-api-5.10.0.jar;C:\Users\kunal\.m2\repository\org\opentest4j\opentest4j\1.3.0\opentest4j-1.3.0.jar;C:\Users\kunal\.m2\repository\org\junit\platform\junit-platform-commons\1.10.0\junit-platform-commons-1.10.0.jar;C:\Users\kunal\.m2\repository\org\apiguardian\apiguardian-api\1.1.2\apiguardian-api-1.1.2.jar;C:\Users\kunal\.m2\repository\org\junit\jupiter\junit-jupiter-params\5.10.0\junit-jupiter-params-5.10.0.jar;C:\Users\kunal\.m2\repository\org\junit\jupiter\junit-jupiter-engine\5.10.0\junit-jupiter-engine-5.10.0.jar;C:\Users\kunal\.m2\repository\org\junit\platform\junit-platform-engine\1.10.0\junit-platform-engine-1.10.0.jar;C:\Users\kunal\.m2\repository\junit\junit\4.13.2\junit-4.13.2.jar;C:\Users\kunal\.m2\repository\org\hamcrest\hamcrest-core\1.3\hamcrest-core-1.3.jar;"/>
    <property name="java.vm.vendor" value="Oracle Corporation"/>
    <property name="sun.arch.data.model" value="64"/>
    <property name="user.variant" value=""/>
    <property name="java.vendor.url" value="https://java.oracle.com/"/>
    <property name="user.timezone" value="America/New_York"/>
    <property name="os.name" value="Windows 11"/>
    <property name="java.vm.specification.version" value="17"/>
    <property name="sun.java.launcher" value="SUN_STANDARD"/>
    <property name="user.country" value="US"/>
    <property name="sun.boot.library.path" value="C:\Program Files\Java\jdk-17\bin"/>
    <property name="sun.java.command" value="C:\Users\kunal\AppData\Local\Temp\surefire17876738739600965891\surefirebooter7729156003750645986.jar C:\Users\kunal\AppData\Local\Temp\surefire17876738739600965891 2024-03-30T20-33-52_448-jvmRun1 surefire12708470068457663790tmp surefire_014269875036602467518tmp"/>
    <property name="jdk.debug" value="release"/>
    <property name="surefire.test.class.path" value="C:\Users\kunal\Documents\GitHub\SOFE_3980_Final_Project_D1\finalProject\target\test-classes;C:\Users\kunal\Documents\GitHub\SOFE_3980_Final_Project_D1\finalProject\target\classes;C:\Users\kunal\.m2\repository\org\mockito\mockito-core\4.0.0\mockito-core-4.0.0.jar;C:\Users\kunal\.m2\repository\net\bytebuddy\byte-buddy\1.11.19\byte-buddy-1.11.19.jar;C:\Users\kunal\.m2\repository\net\bytebuddy\byte-buddy-agent\1.11.19\byte-buddy-agent-1.11.19.jar;C:\Users\kunal\.m2\repository\org\objenesis\objenesis\3.2\objenesis-3.2.jar;C:\Users\kunal\.m2\repository\org\junit\jupiter\junit-jupiter-api\5.10.0\junit-jupiter-api-5.10.0.jar;C:\Users\kunal\.m2\repository\org\opentest4j\opentest4j\1.3.0\opentest4j-1.3.0.jar;C:\Users\kunal\.m2\repository\org\junit\platform\junit-platform-commons\1.10.0\junit-platform-commons-1.10.0.jar;C:\Users\kunal\.m2\repository\org\apiguardian\apiguardian-api\1.1.2\apiguardian-api-1.1.2.jar;C:\Users\kunal\.m2\repository\org\junit\jupiter\junit-jupiter-params\5.10.0\junit-jupiter-params-5.10.0.jar;C:\Users\kunal\.m2\repository\org\junit\jupiter\junit-jupiter-engine\5.10.0\junit-jupiter-engine-5.10.0.jar;C:\Users\kunal\.m2\repository\org\junit\platform\junit-platform-engine\1.10.0\junit-platform-engine-1.10.0.jar;C:\Users\kunal\.m2\repository\junit\junit\4.13.2\junit-4.13.2.jar;C:\Users\kunal\.m2\repository\org\hamcrest\hamcrest-core\1.3\hamcrest-core-1.3.jar;"/>
    <property name="sun.cpu.endian" value="little"/>
    <property name="user.home" value="C:\Users\kunal"/>
    <property name="user.language" value="en"/>
    <property name="java.specification.vendor" value="Oracle Corporation"/>
    <property name="java.version.date" value="2024-01-16"/>
    <property name="java.home" value="C:\Program Files\Java\jdk-17"/>
    <property name="file.separator" value="\"/>
    <property name="basedir" value="C:\Users\kunal\Documents\GitHub\SOFE_3980_Final_Project_D1\finalProject"/>
    <property name="java.vm.compressedOopsMode" value="32-bit"/>
    <property name="line.separator" value="&#10;"/>
    <property name="java.vm.specification.vendor" value="Oracle Corporation"/>
    <property name="java.specification.name" value="Java Platform API Specification"/>
    <property name="surefire.real.class.path" value="C:\Users\kunal\AppData\Local\Temp\surefire17876738739600965891\surefirebooter7729156003750645986.jar"/>
    <property name="user.script" value=""/>
    <property name="sun.management.compiler" value="HotSpot 64-Bit Tiered Compilers"/>
    <property name="java.runtime.version" value="17.0.10+11-LTS-240"/>
    <property name="user.name" value="kunal"/>
    <property name="path.separator" value=";"/>
    <property name="os.version" value="10.0"/>
    <property name="java.runtime.name" value="Java(TM) SE Runtime Environment"/>
    <property name="file.encoding" value="Cp1252"/>
    <property name="java.vm.name" value="Java HotSpot(TM) 64-Bit Server VM"/>
    <property name="localRepository" value="C:\Users\kunal\.m2\repository"/>
    <property name="java.vendor.url.bug" value="https://bugreport.java.com/bugreport/"/>
    <property name="java.io.tmpdir" value="C:\Users\kunal\AppData\Local\Temp\"/>
    <property name="java.version" value="17.0.10"/>
    <property name="user.dir" value="C:\Users\kunal\Documents\GitHub\SOFE_3980_Final_Project_D1\finalProject"/>
    <property name="os.arch" value="amd64"/>
    <property name="java.vm.specification.name" value="Java Virtual Machine Specification"/>
    <property name="sun.os.patch.level" value=""/>
    <property name="native.encoding" value="Cp1252"/>
    <property name="java.library.path" value="C:\Program Files\Java\jdk-17\bin;C:\WINDOWS\Sun\Java\bin;C:\WINDOWS\system32;C:\WINDOWS;C:\Program Files\Common Files\Oracle\Java\javapath;C:\Program Files (x86)\Common Files\Oracle\Java\javapath;C:\WINDOWS\system32;C:\WINDOWS;C:\WINDOWS\System32\Wbem;C:\WINDOWS\System32\WindowsPowerShell\v1.0\;C:\WINDOWS\System32\OpenSSH\;C:\Program Files\Microsoft SQL Server\150\Tools\Binn\;C:\Program Files\dotnet\;C:\Program Files\Git\cmd;C:\Users\kunal\AppData\Local\Microsoft\WindowsApps;C:\Users\kunal\Desktop\OTR\PCAN API\pcan-basic;C:\Users\kunal\Desktop\University\Sem 6\Software Quality\Maven\apache-maven-3.9.6\bin;C:\Users\kunal\AppData\Local\Programs\Microsoft VS Code\bin;C:\Users\kunal\AppData\Local\GitHubDesktop\bin;C:\Program Files\JetBrains\IntelliJ IDEA 2023.3.5\bin;;."/>
    <property name="java.vm.info" value="mixed mode, sharing"/>
    <property name="java.vendor" value="Oracle Corporation"/>
    <property name="java.vm.version" value="17.0.10+11-LTS-240"/>
    <property name="sun.io.unicode.encoding" value="UnicodeLittle"/>
    <property name="java.class.version" value="61.0"/>
  </properties>
  <testcase name="timeFormat24ErrorTest1" classname="com.ontariotechu.sofe3980U.AppTest" time="0.052"/>
  <testcase name="timeFormat24ErrorTest2" classname="com.ontariotechu.sofe3980U.AppTest" time="0"/>
  <testcase name="timeFormat24ErrorTest3" classname="com.ontariotechu.sofe3980U.AppTest" time="0.002"/>
  <testcase name="calculateTotalTimeRoundTripShouldThrowExceptionForOverlappingFlights1" classname="com.ontariotechu.sofe3980U.AppTest" time="0.031">
    <failure message="calculateTotalTime should throw IllegalArgumentException for input 1. ==&gt; Expected java.lang.IllegalArgumentException to be thrown, but nothing was thrown." type="org.opentest4j.AssertionFailedError">org.opentest4j.AssertionFailedError: calculateTotalTime should throw IllegalArgumentException for input 1. ==> Expected java.lang.IllegalArgumentException to be thrown, but nothing was thrown.
	at com.ontariotechu.sofe3980U.AppTest.calculateTotalTimeRoundTripShouldThrowExceptionForOverlappingFlights1(AppTest.java:330)
</failure>
  </testcase>
  <testcase name="calculateTotalTimeRoundTripShouldThrowExceptionForOverlappingFlights2" classname="com.ontariotechu.sofe3980U.AppTest" time="0.004">
    <failure message="calculateTotalTime should throw IllegalArgumentException for input 2. ==&gt; Expected java.lang.IllegalArgumentException to be thrown, but nothing was thrown." type="org.opentest4j.AssertionFailedError">org.opentest4j.AssertionFailedError: calculateTotalTime should throw IllegalArgumentException for input 2. ==> Expected java.lang.IllegalArgumentException to be thrown, but nothing was thrown.
	at com.ontariotechu.sofe3980U.AppTest.calculateTotalTimeRoundTripShouldThrowExceptionForOverlappingFlights2(AppTest.java:343)
</failure>
  </testcase>
  <testcase name="calculateTotalTimeRoundTripShouldThrowExceptionForOverlappingFlights3" classname="com.ontariotechu.sofe3980U.AppTest" time="0.003">
    <failure message="calculateTotalTime should throw IllegalArgumentException for input 3. ==&gt; Expected java.lang.IllegalArgumentException to be thrown, but nothing was thrown." type="org.opentest4j.AssertionFailedError">org.opentest4j.AssertionFailedError: calculateTotalTime should throw IllegalArgumentException for input 3. ==> Expected java.lang.IllegalArgumentException to be thrown, but nothing was thrown.
	at com.ontariotechu.sofe3980U.AppTest.calculateTotalTimeRoundTripShouldThrowExceptionForOverlappingFlights3(AppTest.java:356)
</failure>
  </testcase>
  <testcase name="convertTimeTests{int, int, String, String, String, String, String, String, String, String, String, String, String, String, String, String, String, String, String, String, String, String, String, String, String, String}[1]" classname="com.ontariotechu.sofe3980U.AppTest" time="0.046">
    <failure message="The conversion did not produce the expected result. ==&gt; array lengths differ, expected: &lt;2&gt; but was: &lt;0&gt;" type="org.opentest4j.AssertionFailedError"><![CDATA[org.opentest4j.AssertionFailedError: The conversion did not produce the expected result. ==> array lengths differ, expected: <2> but was: <0>
	at com.ontariotechu.sofe3980U.AppTest.convertTimeTests(AppTest.java:210)
]]></failure>
  </testcase>
  <testcase name="convertTimeTests{int, int, String, String, String, String, String, String, String, String, String, String, String, String, String, String, String, String, String, String, String, String, String, String, String, String}[2]" classname="com.ontariotechu.sofe3980U.AppTest" time="0.005">
    <failure message="The conversion did not produce the expected result. ==&gt; array lengths differ, expected: &lt;2&gt; but was: &lt;0&gt;" type="org.opentest4j.AssertionFailedError"><![CDATA[org.opentest4j.AssertionFailedError: The conversion did not produce the expected result. ==> array lengths differ, expected: <2> but was: <0>
	at com.ontariotechu.sofe3980U.AppTest.convertTimeTests(AppTest.java:210)
]]></failure>
  </testcase>
  <testcase name="calculateTotalTimeShouldThrowExceptionForOverlappingFlights1" classname="com.ontariotechu.sofe3980U.AppTest" time="0.007"/>
  <testcase name="calculateTotalTimeShouldThrowExceptionForOverlappingFlights2" classname="com.ontariotechu.sofe3980U.AppTest" time="0.002"/>
  <testcase name="calculateTotalTimeShouldThrowExceptionForOverlappingFlights3" classname="com.ontariotechu.sofe3980U.AppTest" time="0.001"/>
  <testcase name="calculateTotalTimeShouldThrowExceptionForOverlappingFlights4" classname="com.ontariotechu.sofe3980U.AppTest" time="0.002"/>
  <testcase name="calculateTotalTimeShouldThrowExceptionForOverlappingFlights5" classname="com.ontariotechu.sofe3980U.AppTest" time="0.003"/>
  <testcase name="validateFlightPlanRoundTripTests2Flights{String, String, String, String, String, String, String, String, String, String, String, String, boolean}[1]" classname="com.ontariotechu.sofe3980U.AppTest" time="0.008"/>
  <testcase name="validateFlightPlanRoundTripTests2Flights{String, String, String, String, String, String, String, String, String, String, String, String, boolean}[2]" classname="com.ontariotechu.sofe3980U.AppTest" time="0.003"/>
  <testcase name="calculateTotalTimeNull" classname="com.ontariotechu.sofe3980U.AppTest" time="0.002"/>
  <testcase name="calculateTotalTimeTest{String, String, String, String, String, String, String, String, String, String, String, String, int}[1]" classname="com.ontariotechu.sofe3980U.AppTest" time="0.004"/>
  <testcase name="timeFormat24ErrorTest" classname="com.ontariotechu.sofe3980U.AppTest" time="0.002"/>
  <testcase name="validateFlightPlanRoundTripTests3Flights{String, String, String, String, String, String, String, String, String, String, String, String, String, String, String, String, String, String, boolean}[1]" classname="com.ontariotechu.sofe3980U.AppTest" time="0.005"/>
  <testcase name="validateFlightPlanRoundTripTests3Flights{String, String, String, String, String, String, String, String, String, String, String, String, String, String, String, String, String, String, boolean}[2]" classname="com.ontariotechu.sofe3980U.AppTest" time="0.003"/>
  <testcase name="validateFlightPlanRoundTripTests3Flights{String, String, String, String, String, String, String, String, String, String, String, String, String, String, String, String, String, String, boolean}[3]" classname="com.ontariotechu.sofe3980U.AppTest" time="0.003"/>
  <testcase name="validateFlightPlanTest{String, String, String, String, String, String, String, String, String, String, String, String, boolean}[1]" classname="com.ontariotechu.sofe3980U.AppTest" time="0.003"/>
  <testcase name="validateFlightPlanTest{String, String, String, String, String, String, String, String, String, String, String, String, boolean}[2]" classname="com.ontariotechu.sofe3980U.AppTest" time="0.003"/>
  <testcase name="validateFlightPlanTest{String, String, String, String, String, String, String, String, String, String, String, String, boolean}[3]" classname="com.ontariotechu.sofe3980U.AppTest" time="0.003"/>
  <testcase name="validateFlightPlanTest{String, String, String, String, String, String, String, String, String, String, String, String, boolean}[4]" classname="com.ontariotechu.sofe3980U.AppTest" time="0.003"/>
  <testcase name="validateFlightPlanTest{String, String, String, String, String, String, String, String, String, String, String, String, boolean}[5]" classname="com.ontariotechu.sofe3980U.AppTest" time="0.003"/>
  <testcase name="validateFlightPlanTest{String, String, String, String, String, String, String, String, String, String, String, String, boolean}[6]" classname="com.ontariotechu.sofe3980U.AppTest" time="0.003"/>
  <testcase name="inputValidationTests{String, String, String, String, String, String, boolean}[1]" classname="com.ontariotechu.sofe3980U.AppTest" time="0.003">
    <failure message="expected: &lt;true&gt; but was: &lt;false&gt;" type="org.opentest4j.AssertionFailedError"><![CDATA[org.opentest4j.AssertionFailedError: expected: <true> but was: <false>
	at com.ontariotechu.sofe3980U.AppTest.inputValidationTests(AppTest.java:26)
]]></failure>
  </testcase>
  <testcase name="inputValidationTests{String, String, String, String, String, String, boolean}[2]" classname="com.ontariotechu.sofe3980U.AppTest" time="0.002"/>
  <testcase name="inputValidationTests{String, String, String, String, String, String, boolean}[3]" classname="com.ontariotechu.sofe3980U.AppTest" time="0.015"/>
  <testcase name="inputValidationTests{String, String, String, String, String, String, boolean}[4]" classname="com.ontariotechu.sofe3980U.AppTest" time="0"/>
  <testcase name="inputValidationTests{String, String, String, String, String, String, boolean}[5]" classname="com.ontariotechu.sofe3980U.AppTest" time="0"/>
  <testcase name="inputValidationTests{String, String, String, String, String, String, boolean}[6]" classname="com.ontariotechu.sofe3980U.AppTest" time="0"/>
  <testcase name="inputValidationTests{String, String, String, String, String, String, boolean}[7]" classname="com.ontariotechu.sofe3980U.AppTest" time="0.01"/>
  <testcase name="inputValidationTests{String, String, String, String, String, String, boolean}[8]" classname="com.ontariotechu.sofe3980U.AppTest" time="0.001"/>
  <testcase name="inputValidationTests{String, String, String, String, String, String, boolean}[9]" classname="com.ontariotechu.sofe3980U.AppTest" time="0.001"/>
  <testcase name="inputValidationTests{String, String, String, String, String, String, boolean}[10]" classname="com.ontariotechu.sofe3980U.AppTest" time="0.002"/>
  <testcase name="inputValidationTests{String, String, String, String, String, String, boolean}[11]" classname="com.ontariotechu.sofe3980U.AppTest" time="0.001"/>
  <testcase name="inputValidationTests{String, String, String, String, String, String, boolean}[12]" classname="com.ontariotechu.sofe3980U.AppTest" time="0.001"/>
  <testcase name="calculateTotalTimeRoundTripNull" classname="com.ontariotechu.sofe3980U.AppTest" time="0.003">
    <failure message="calculateTotalTime should throw IllegalArgumentException for empty input. ==&gt; Expected java.lang.IllegalArgumentException to be thrown, but nothing was thrown." type="org.opentest4j.AssertionFailedError">org.opentest4j.AssertionFailedError: calculateTotalTime should throw IllegalArgumentException for empty input. ==> Expected java.lang.IllegalArgumentException to be thrown, but nothing was thrown.
	at com.ontariotechu.sofe3980U.AppTest.calculateTotalTimeRoundTripNull(AppTest.java:365)
</failure>
  </testcase>
  <testcase name="calculateTotalTimeRoundTripTest{String, String, String, String, String, String, String, String, String, String, String, String, int}[1]" classname="com.ontariotechu.sofe3980U.AppTest" time="0.004">
    <failure message="expected: &lt;720&gt; but was: &lt;-1&gt;" type="org.opentest4j.AssertionFailedError"><![CDATA[org.opentest4j.AssertionFailedError: expected: <720> but was: <-1>
	at com.ontariotechu.sofe3980U.AppTest.calculateTotalTimeRoundTripTest(AppTest.java:318)
]]></failure>
  </testcase>
  <testcase name="timeFormat24Tests{String, String, String, String, String, String, String, String, String, String, String, String}[1]" classname="com.ontariotechu.sofe3980U.AppTest" time="0.002"/>
  <testcase name="timeFormat24Tests{String, String, String, String, String, String, String, String, String, String, String, String}[2]" classname="com.ontariotechu.sofe3980U.AppTest" time="0.005"/>
  <testcase name="convertTimeInvalidArg1" classname="com.ontariotechu.sofe3980U.AppTest" time="0.005">
    <failure message="convertTime should throw IllegalArgumentException for invalid arguments. ==&gt; Expected java.lang.IllegalArgumentException to be thrown, but nothing was thrown." type="org.opentest4j.AssertionFailedError">org.opentest4j.AssertionFailedError: convertTime should throw IllegalArgumentException for invalid arguments. ==> Expected java.lang.IllegalArgumentException to be thrown, but nothing was thrown.
	at com.ontariotechu.sofe3980U.AppTest.convertTimeInvalidArg1(AppTest.java:223)
</failure>
  </testcase>
  <testcase name="convertTimeInvalidArg2" classname="com.ontariotechu.sofe3980U.AppTest" time="0.004">
    <failure message="convertTime should throw IllegalArgumentException for invalid arguments. ==&gt; Expected java.lang.IllegalArgumentException to be thrown, but nothing was thrown." type="org.opentest4j.AssertionFailedError">org.opentest4j.AssertionFailedError: convertTime should throw IllegalArgumentException for invalid arguments. ==> Expected java.lang.IllegalArgumentException to be thrown, but nothing was thrown.
	at com.ontariotechu.sofe3980U.AppTest.convertTimeInvalidArg2(AppTest.java:237)
</failure>
  </testcase>
  <testcase name="convertTimeInvalidArg3" classname="com.ontariotechu.sofe3980U.AppTest" time="0.001">
    <failure message="convertTime should throw IllegalArgumentException for invalid arguments. ==&gt; Expected java.lang.IllegalArgumentException to be thrown, but nothing was thrown." type="org.opentest4j.AssertionFailedError">org.opentest4j.AssertionFailedError: convertTime should throw IllegalArgumentException for invalid arguments. ==> Expected java.lang.IllegalArgumentException to be thrown, but nothing was thrown.
	at com.ontariotechu.sofe3980U.AppTest.convertTimeInvalidArg3(AppTest.java:251)
</failure>
  </testcase>
</testsuite>